2024-05-01 20:48:49,868 - INFO - Ascii art saved to save_ascii.txt
2024-05-01 20:56:25,692 - ERROR - Usage: python run.py <path_to_image>
2024-05-01 21:26:04,006 - ERROR - An error occurred: type object 'Image' has no attribute 'open'
2024-05-01 21:33:27,713 - ERROR - An error occurred: Image.__init__() missing 1 required positional argument: 'file_path'
2024-05-01 21:37:37,407 - ERROR - An error occurred: Image.__init__() missing 1 required positional argument: 'file_path'
2024-05-01 21:41:24,227 - ERROR - An error occurred: Image.__init__() missing 1 required positional argument: 'file_path'
2024-05-01 21:44:15,826 - ERROR - An error occurred: Image.__init__() missing 1 required positional argument: 'file_path'
2024-05-01 21:47:28,359 - ERROR - An error occurred: set_pixel
2024-05-01 21:50:01,826 - ERROR - An error occurred: Image.putpixel() takes 3 positional arguments but 4 were given
2024-05-01 21:51:05,756 - INFO - Ascii art saved to save_ascii.txt
2024-05-02 09:50:29,702 - ERROR - An error occurred: [Errno 2] No such file or directory: 'images'
2024-05-02 09:58:27,414 - ERROR - An error occurred: [Errno 2] No such file or directory: 'images'
2024-05-02 10:02:09,678 - ERROR - An error occurred: [Errno 20] Not a directory: 'test.jpg'
2024-05-02 10:04:33,186 - ERROR - An error occurred: [Errno 2] No such file or directory: 'image'
2024-05-02 10:07:39,645 - ERROR - An error occurred: 'Image' object has no attribute 'width'
2024-05-02 10:14:42,963 - ERROR - An error occurred: 'Image' object has no attribute 'width'
2024-05-02 10:16:31,232 - ERROR - An error occurred: [Errno 2] No such file or directory: 'images'
2024-05-02 10:16:52,998 - ERROR - An error occurred: 'Image' object has no attribute 'get_size'
2024-05-02 10:17:07,025 - INFO - Ascii art saved to save_ascii.txt
2024-05-02 10:32:03,970 - INFO - Ascii art saved to save_ascii.txt
2024-05-02 12:42:42,786 - INFO - Ascii art saved to save_ascii.txt
2024-05-02 12:57:10,021 - INFO - Ascii art saved to save_ascii.txt
2024-05-02 15:37:13,609 - ERROR - An error occurred: get_pixel
2024-05-02 15:38:04,815 - INFO - Ascii art saved to save_ascii.txt
2024-05-02 15:40:29,308 - INFO - Ascii art saved to save_ascii.txt
2024-05-02 15:54:37,548 - ERROR - An error occurred: 'Image' object has no attribute 'put_pixel'
2024-05-03 01:56:31,535 - ERROR - An error occurred: 'Image' object has no attribute 'put_pixel'
2024-05-03 01:58:26,839 - ERROR - An error occurred: 'Image' object has no attribute 'width'
2024-05-03 01:59:18,069 - ERROR - An error occurred: 'Image' object has no attribute 'width'
2024-05-03 02:00:47,626 - ERROR - An error occurred: 'Image' object has no attribute 'width'
2024-05-03 02:05:06,119 - ERROR - An error occurred: 'Image' object has no attribute 'size'
2024-05-03 02:06:39,160 - ERROR - An error occurred: 'Image' object has no attribute 'width'
2024-05-03 02:08:33,870 - ERROR - An error occurred: 'Image' object has no attribute 'width'
2024-05-03 02:09:25,218 - ERROR - An error occurred: 'Image' object has no attribute 'getpixel'
2024-05-03 02:10:01,292 - ERROR - An error occurred: Image.get_pixel() missing 1 required positional argument: 'y'
2024-05-03 02:10:50,579 - INFO - Ascii art saved to save_ascii.txt
2024-05-03 02:17:32,087 - INFO - Ascii art saved to save_ascii.txt
2024-05-03 03:22:47,315 - INFO - Ascii art saved to save_ascii.txt
2024-05-05 03:33:12,688 - ERROR - Usage: python run.py <path_to_image>
2024-05-05 03:33:25,929 - ERROR - Usage: python run.py <path_to_image>
2024-05-05 03:34:45,729 - INFO - Ascii art saved to save_ascii.txt
2024-05-05 03:37:31,067 - INFO - Ascii art saved to save_ascii.txt
2024-05-05 03:38:53,907 - INFO - Ascii art saved to save_ascii.txt
2024-05-05 04:46:22,783 - INFO - Ascii art saved to output.asn
2024-05-05 04:47:24,839 - INFO - Ascii art saved to output.asn
2024-05-05 04:48:02,393 - INFO - Ascii art saved to output.asn
2024-05-05 04:49:25,347 - INFO - Ascii art saved to output.asn
2024-05-05 04:49:53,264 - INFO - Ascii art saved to output.asn
2024-05-05 04:50:22,887 - INFO - Ascii art saved to output.asn
2024-05-05 04:54:11,218 - INFO - Ascii art saved to saveascii.txt
2024-05-05 04:54:11,218 - ERROR - An error occurred: colorize_ascii_art() missing 1 required positional argument: 'output_file'
2024-05-05 04:57:54,780 - INFO - Ascii art saved to saveascii.txt
2024-05-05 04:57:55,230 - ERROR - An error occurred: expected str, bytes or os.PathLike object, not NoneType
2024-05-05 05:33:28,134 - INFO - Ascii art saved to save_ascii.txt
2024-05-05 05:33:28,333 - ERROR - An error occurred: expected str, bytes or os.PathLike object, not NoneType
2024-05-05 05:33:47,302 - INFO - Ascii art saved to save_ascii.txt
2024-05-05 05:33:47,498 - ERROR - An error occurred: expected str, bytes or os.PathLike object, not NoneType
2024-05-05 05:36:13,910 - INFO - Ascii art saved to save_ascii.txt
2024-05-05 05:36:14,085 - ERROR - An error occurred: expected str, bytes or os.PathLike object, not NoneType
2024-05-05 05:36:55,994 - INFO - Ascii art saved to save_ascii.txt
2024-05-05 05:36:56,389 - ERROR - An error occurred: expected str, bytes or os.PathLike object, not NoneType
2024-05-05 05:40:06,512 - INFO - Ascii art saved to save_ascii.txt
2024-05-05 05:40:06,687 - ERROR - An error occurred: expected str, bytes or os.PathLike object, not NoneType
2024-05-05 05:43:18,606 - INFO - Ascii art saved to save_ascii.txt
2024-05-05 05:43:18,800 - ERROR - An error occurred: expected str, bytes or os.PathLike object, not NoneType
2024-05-05 05:44:07,798 - INFO - Ascii art saved to save_ascii.txt
2024-05-05 05:44:07,990 - ERROR - An error occurred: expected str, bytes or os.PathLike object, not NoneType
2024-05-06 01:07:07,179 - INFO - Ascii art saved to save_ascii.txt
2024-05-06 01:07:07,492 - ERROR - An error occurred: expected str, bytes or os.PathLike object, not NoneType
2024-05-06 01:08:38,487 - INFO - Ascii art saved to save_ascii.txt
2024-05-06 01:14:03,018 - INFO - Ascii art saved to save_ascii.txt
2024-05-06 01:26:38,221 - INFO - Ascii art saved to save_ascii.txt
2024-05-06 14:56:06,752 - INFO - Ascii art saved to save_ascii.txt
2024-05-06 15:48:37,115 - INFO - Ascii art saved to save_ascii.txt
2024-05-06 15:49:52,594 - INFO - Ascii art saved to save_ascii.txt
2024-05-06 16:18:08,324 - INFO - Ascii art saved to save_ascii.txt
2024-05-06 16:19:51,982 - INFO - Ascii art saved to save_ascii.txt
2024-05-06 16:20:17,284 - INFO - Ascii art saved to save_ascii.txt
2024-05-06 16:21:31,530 - INFO - Ascii art saved to save_ascii.txt
2024-05-06 17:04:48,229 - INFO - Ascii art saved to save_ascii.txt
2024-05-06 17:05:50,065 - INFO - Ascii art saved to save_ascii.txt
2024-05-06 17:08:33,377 - INFO - Ascii art saved to save_ascii.txt
2024-05-06 17:15:29,325 - INFO - Ascii art saved to save_ascii.txt
2024-05-06 17:16:30,520 - INFO - Ascii art saved to save_ascii.txt
2024-05-06 17:18:38,442 - INFO - Ascii art saved to save_ascii.txt with custom size: (50, 50)
2024-05-06 17:18:57,541 - INFO - Ascii art saved to save_ascii.txt with custom size: (50, 50)
2024-05-06 17:20:33,222 - INFO - Ascii art saved to save_ascii.txt with custom size: (50, 50)
2024-05-06 17:21:51,639 - INFO - Ascii art saved to save_ascii.txt with custom size: (50, 50)
2024-05-06 17:22:11,676 - INFO - Ascii art saved to save_ascii.txt
2024-05-06 17:22:11,857 - ERROR - An error occurred: [Errno 2] No such file or directory: 'save_ascii.txt'
2024-05-06 17:24:44,611 - INFO - Ascii art saved to save_ascii.txt
2024-05-06 17:25:05,757 - INFO - Ascii art saved to save_ascii.txt with custom size: (50, 50)
2024-05-06 17:25:30,442 - INFO - Ascii art saved to save_ascii.txt with custom size: (50, 50)
2024-05-06 17:39:25,951 - INFO - Ascii art saved to save_ascii.txt with custom size: (50, 50)
2024-05-06 17:39:39,397 - INFO - Ascii art saved to save_ascii.txt with custom size: (509, 509)
2024-05-06 18:15:45,195 - INFO - Ascii art saved to save_ascii.txt with custom size: (100, 50)
2024-05-06 18:17:52,074 - INFO - Ascii art saved to save_ascii.txt with custom size: (126, 64)
2024-05-06 18:40:17,538 - INFO - Ascii art savet to save_ascii.txt
2024-05-06 18:41:02,661 - INFO - Ascii art savet to save_ascii.txt
2024-05-06 18:41:09,019 - INFO - Ascii art saved to save_ascii.txt with custom size: (126, 64)
2024-05-06 19:29:07,800 - INFO - Ascii art savet to save_ascii.txt
2024-05-06 19:29:36,979 - INFO - Ascii art saved to save_ascii.txt with custom size: (126, 64)
